2023-08-11T10:17:40.323Z - info: [ui] [AppStore] loading 0 repositories from store
2023-08-11T10:17:40.402Z - info: [ui] Opt in reported.
2023-08-11T10:17:40.458Z - info: [ui] [Welcome] no sign in step found. ignoring...
2023-08-11T10:17:40.483Z - info: [ui] launching: 3.2.7-linux2 (Linux 6.3.8-arch1-1-t2)
2023-08-11T10:17:40.488Z - info: [ui] execPath: '/opt/github-desktop/github-desktop'
2023-08-11T10:17:40.577Z - info: [ui] [Welcome] no sign in step found. ignoring...
2023-08-11T10:17:40.627Z - info: [ui] [Welcome] no sign in step found. ignoring...
2023-08-11T10:17:43.122Z - info: [ui] [Welcome] advancing to step: SignInToDotComWithBrowser
2023-08-11T10:17:43.124Z - info: [ui] [SignInStore] initializing OAuth flow
2023-08-11T10:17:43.133Z - info: [main] opening in browser: https://github.com/login/oauth/authorize?client_id=3a723b10ac5575cc5bb9&scope=repo%20user%20workflow&state=ff9dc5f8-1fb5-4198-be69-3cdc5fce85a8
2023-08-11T10:17:43.135Z - info: [ui] [Welcome] current sign in state not found. ignoring...
2023-08-11T10:17:47.489Z - info: [ui] [Welcome] kind Authentication is the same as Authentication. ignoring...
2023-08-11T10:18:01.195Z - info: [main] Received possible protocol arguments: 3
2023-08-11T10:18:01.219Z - info: [main] Processing protocol url
2023-08-11T10:18:01.260Z - info: [ui] [Welcome] kind Authentication is the same as Authentication. ignoring...
2023-08-11T10:18:01.344Z - info: [ui] [Dispatcher] requesting authenticated user
2023-08-11T10:18:01.403Z - info: [ui] [Welcome] kind Authentication is the same as Authentication. ignoring...
2023-08-11T10:18:01.764Z - info: [main] Received possible protocol arguments: 2
2023-08-11T10:18:01.789Z - info: [main] Processing protocol url
2023-08-11T10:18:02.308Z - info: [ui] [SignInStore] account resolved
2023-08-11T10:18:02.309Z - info: [ui] [AppStore] adding account I-OutOfGravity-I (Maximilian Schmickler) to store
2023-08-11T10:18:02.329Z - info: [ui] [Welcome] advancing to step: ConfigureGit
2023-08-11T10:18:02.641Z - info: [ui] [Welcome] no sign in step found. ignoring...
2023-08-11T10:18:03.051Z - info: [ui] [Welcome] no sign in step found. ignoring...
2023-08-11T10:18:07.247Z - info: [ui] [Welcome] no sign in step found. ignoring...
2023-08-11T10:18:07.301Z - info: [ui] [Welcome] no sign in step found. ignoring...
2023-08-11T10:18:07.535Z - info: [ui] [Welcome] no sign in step found. ignoring...
2023-08-11T10:18:07.608Z - info: [ui] Subscribed 'I-OutOfGravity-I' to Alive channel
2023-08-11T10:18:47.585Z - info: [ui] [AppStore.getAccountForRemoteURL] account found for remote: https://github.com/I-OutOfGravity-I/macDots.git - I-OutOfGravity-I (has token)
2023-08-11T10:18:47.586Z - info: [ui] proxy url not resolved, https_proxy already set
2023-08-11T10:18:49.101Z - info: [ui] Executing clone: git -c credential.helper= -c init.defaultBranch=main clone --recursive --progress -- https://github.com/I-OutOfGravity-I/macDots.git /home/OutOfGravity/GitHub/macDots (took 1.504s)
2023-08-11T10:18:49.159Z - info: [ui] [AppStore] adding repository at /home/OutOfGravity/GitHub/macDots to store
2023-08-11T10:18:51.053Z - info: [ui] [BranchPruner] No branches to prune.
